D:\PatchesNData\GIT Open Source Projects\Hooking Project\Hooking Parent\Hooking Parent\Release\cl.command.1.tlog
D:\PatchesNData\GIT Open Source Projects\Hooking Project\Hooking Parent\Hooking Parent\Release\CL.read.1.tlog
D:\PatchesNData\GIT Open Source Projects\Hooking Project\Hooking Parent\Hooking Parent\Release\CL.write.1.tlog
D:\PATCHESNDATA\GIT OPEN SOURCE PROJECTS\HOOKING PROJECT\HOOKING PARENT\HOOKING PARENT\RELEASE\HOOKING PARENT.EXE.INTERMEDIATE.MANIFEST
D:\PATCHESNDATA\GIT OPEN SOURCE PROJECTS\HOOKING PROJECT\HOOKING PARENT\HOOKING PARENT\RELEASE\HOOKING PARENT.OBJ
D:\PATCHESNDATA\GIT OPEN SOURCE PROJECTS\HOOKING PROJECT\HOOKING PARENT\HOOKING PARENT\RELEASE\HOOKING PARENT.PCH
D:\PATCHESNDATA\GIT OPEN SOURCE PROJECTS\HOOKING PROJECT\HOOKING PARENT\HOOKING PARENT\RELEASE\HOOKING PARENT.RES
D:\PatchesNData\GIT Open Source Projects\Hooking Project\Hooking Parent\Hooking Parent\Release\Hooking Parent.write.1.tlog
D:\PatchesNData\GIT Open Source Projects\Hooking Project\Hooking Parent\Hooking Parent\Release\link.command.1.tlog
D:\PatchesNData\GIT Open Source Projects\Hooking Project\Hooking Parent\Hooking Parent\Release\link.read.1.tlog
D:\PatchesNData\GIT Open Source Projects\Hooking Project\Hooking Parent\Hooking Parent\Release\link.write.1.tlog
D:\PatchesNData\GIT Open Source Projects\Hooking Project\Hooking Parent\Hooking Parent\Release\link-cvtres.read.1.tlog
D:\PatchesNData\GIT Open Source Projects\Hooking Project\Hooking Parent\Hooking Parent\Release\link-cvtres.write.1.tlog
D:\PatchesNData\GIT Open Source Projects\Hooking Project\Hooking Parent\Hooking Parent\Release\mt.command.1.tlog
D:\PatchesNData\GIT Open Source Projects\Hooking Project\Hooking Parent\Hooking Parent\Release\mt.read.1.tlog
D:\PatchesNData\GIT Open Source Projects\Hooking Project\Hooking Parent\Hooking Parent\Release\mt.write.1.tlog
D:\PatchesNData\GIT Open Source Projects\Hooking Project\Hooking Parent\Hooking Parent\Release\rc.command.1.tlog
D:\PatchesNData\GIT Open Source Projects\Hooking Project\Hooking Parent\Hooking Parent\Release\rc.read.1.tlog
D:\PatchesNData\GIT Open Source Projects\Hooking Project\Hooking Parent\Hooking Parent\Release\rc.write.1.tlog
D:\PATCHESNDATA\GIT OPEN SOURCE PROJECTS\HOOKING PROJECT\HOOKING PARENT\HOOKING PARENT\RELEASE\STDAFX.OBJ
D:\PATCHESNDATA\GIT OPEN SOURCE PROJECTS\HOOKING PROJECT\HOOKING PARENT\HOOKING PARENT\RELEASE\VC100.PDB
D:\PATCHESNDATA\GIT OPEN SOURCE PROJECTS\HOOKING PROJECT\HOOKING PARENT\RELEASE\HOOKING PARENT.EXE
D:\PATCHESNDATA\GIT OPEN SOURCE PROJECTS\HOOKING PROJECT\HOOKING PARENT\RELEASE\HOOKING PARENT.PDB
