D:\PATCHESNDATA\GIT OPEN SOURCE PROJECTS\HOOKING PROJECT\HOOKING PARENT\DEBUG\HOOKING PARENT.EXE
D:\PATCHESNDATA\GIT OPEN SOURCE PROJECTS\HOOKING PROJECT\HOOKING PARENT\DEBUG\HOOKING PARENT.ILK
D:\PATCHESNDATA\GIT OPEN SOURCE PROJECTS\HOOKING PROJECT\HOOKING PARENT\DEBUG\HOOKING PARENT.PDB
D:\PatchesNData\GIT Open Source Projects\Hooking Project\Hooking Parent\Hooking Parent\Debug\cl.command.1.tlog
D:\PatchesNData\GIT Open Source Projects\Hooking Project\Hooking Parent\Hooking Parent\Debug\CL.read.1.tlog
D:\PatchesNData\GIT Open Source Projects\Hooking Project\Hooking Parent\Hooking Parent\Debug\CL.write.1.tlog
D:\PATCHESNDATA\GIT OPEN SOURCE PROJECTS\HOOKING PROJECT\HOOKING PARENT\HOOKING PARENT\DEBUG\HOOKING PARENT.EXE.EMBED.MANIFEST
D:\PATCHESNDATA\GIT OPEN SOURCE PROJECTS\HOOKING PROJECT\HOOKING PARENT\HOOKING PARENT\DEBUG\HOOKING PARENT.EXE.EMBED.MANIFEST.RES
D:\PATCHESNDATA\GIT OPEN SOURCE PROJECTS\HOOKING PROJECT\HOOKING PARENT\HOOKING PARENT\DEBUG\HOOKING PARENT.EXE.INTERMEDIATE.MANIFEST
D:\PATCHESNDATA\GIT OPEN SOURCE PROJECTS\HOOKING PROJECT\HOOKING PARENT\HOOKING PARENT\DEBUG\HOOKING PARENT.OBJ
D:\PATCHESNDATA\GIT OPEN SOURCE PROJECTS\HOOKING PROJECT\HOOKING PARENT\HOOKING PARENT\DEBUG\HOOKING PARENT.PCH
D:\PATCHESNDATA\GIT OPEN SOURCE PROJECTS\HOOKING PROJECT\HOOKING PARENT\HOOKING PARENT\DEBUG\HOOKING PARENT.RES
D:\PatchesNData\GIT Open Source Projects\Hooking Project\Hooking Parent\Hooking Parent\Debug\Hooking Parent.write.1.tlog
D:\PatchesNData\GIT Open Source Projects\Hooking Project\Hooking Parent\Hooking Parent\Debug\Hooking Parent_manifest.rc
D:\PatchesNData\GIT Open Source Projects\Hooking Project\Hooking Parent\Hooking Parent\Debug\link.8612.read.1.tlog
D:\PatchesNData\GIT Open Source Projects\Hooking Project\Hooking Parent\Hooking Parent\Debug\link.8612.write.1.tlog
D:\PatchesNData\GIT Open Source Projects\Hooking Project\Hooking Parent\Hooking Parent\Debug\link.8612-cvtres.read.1.tlog
D:\PatchesNData\GIT Open Source Projects\Hooking Project\Hooking Parent\Hooking Parent\Debug\link.8612-cvtres.write.1.tlog
D:\PatchesNData\GIT Open Source Projects\Hooking Project\Hooking Parent\Hooking Parent\Debug\link.command.1.tlog
D:\PatchesNData\GIT Open Source Projects\Hooking Project\Hooking Parent\Hooking Parent\Debug\link.read.1.tlog
D:\PatchesNData\GIT Open Source Projects\Hooking Project\Hooking Parent\Hooking Parent\Debug\link.write.1.tlog
D:\PatchesNData\GIT Open Source Projects\Hooking Project\Hooking Parent\Hooking Parent\Debug\link-cvtres.read.1.tlog
D:\PatchesNData\GIT Open Source Projects\Hooking Project\Hooking Parent\Hooking Parent\Debug\link-cvtres.write.1.tlog
D:\PatchesNData\GIT Open Source Projects\Hooking Project\Hooking Parent\Hooking Parent\Debug\mt.command.1.tlog
D:\PatchesNData\GIT Open Source Projects\Hooking Project\Hooking Parent\Hooking Parent\Debug\mt.read.1.tlog
D:\PatchesNData\GIT Open Source Projects\Hooking Project\Hooking Parent\Hooking Parent\Debug\mt.write.1.tlog
D:\PatchesNData\GIT Open Source Projects\Hooking Project\Hooking Parent\Hooking Parent\Debug\rc.command.1.tlog
D:\PatchesNData\GIT Open Source Projects\Hooking Project\Hooking Parent\Hooking Parent\Debug\rc.read.1.tlog
D:\PatchesNData\GIT Open Source Projects\Hooking Project\Hooking Parent\Hooking Parent\Debug\rc.write.1.tlog
D:\PATCHESNDATA\GIT OPEN SOURCE PROJECTS\HOOKING PROJECT\HOOKING PARENT\HOOKING PARENT\DEBUG\STDAFX.OBJ
D:\PatchesNData\GIT Open Source Projects\Hooking Project\Hooking Parent\Hooking Parent\Debug\vc100.idb
D:\PATCHESNDATA\GIT OPEN SOURCE PROJECTS\HOOKING PROJECT\HOOKING PARENT\HOOKING PARENT\DEBUG\VC100.PDB
